<?xml version="1.0" encoding="UTF-8"?>
<testsuite name="br.com.fiap.daoexample.cfg.HibernateUtilTest" tests="5" skipped="0" failures="0" errors="0" timestamp="2021-02-07T14:45:40" hostname="NOT-M001945" time="0.045">
  <properties/>
  <testcase name="testGet()" classname="br.com.fiap.daoexample.cfg.HibernateUtilTest" time="0.005"/>
  <testcase name="testList()" classname="br.com.fiap.daoexample.cfg.HibernateUtilTest" time="0.0"/>
  <testcase name="testCreate()" classname="br.com.fiap.daoexample.cfg.HibernateUtilTest" time="0.035"/>
  <testcase name="testDelete()" classname="br.com.fiap.daoexample.cfg.HibernateUtilTest" time="0.001"/>
  <testcase name="testUpdate()" classname="br.com.fiap.daoexample.cfg.HibernateUtilTest" time="0.0"/>
  <system-out><![CDATA[Hibernate: create table cliente (tipo_pessoa varchar(31) not null, id_cliente integer not null, nome varchar(50), escolaridade varchar(20), estado_civil varchar(20), inscricao_estadual varchar(20), nomeFantasia varchar(50), primary key (id_cliente))
Hibernate: create table cliente_estabelecimento (id_cliente integer not null, id_estabelecimento integer not null)
Hibernate: create table contrato_aluguel (id_contrato integer not null, data_vencimento date not null, valor_contrato float not null, id_estabelecimento integer, primary key (id_contrato))
Hibernate: create table tbl_estabelecimento (id_estabelecimento integer not null, dh_criacao timestamp, nome_estabelecimento varchar(50), id_tipo_estabelecimento integer, primary key (id_estabelecimento))
Hibernate: create table tipo_estabelecimento (id_tipo_estabelecimento integer generated by default as identity, nome_tipo_estabelecimento varchar(25) not null, primary key (id_tipo_estabelecimento))
Hibernate: create table Usuario (id integer not null, nome varchar(50) not null, senha varchar(255) not null, usuario varchar(12) not null, primary key (id))
Hibernate: create sequence sq_cliente start with 1 increment by 1
Hibernate: create sequence sq_tbl_estabelecimento start with 1 increment by 1
Hibernate: create sequence sq_usuario start with 1 increment by 1
Hibernate: alter table cliente_estabelecimento add constraint FKsnh1srl2mrxlt0n9n5uwgpsul foreign key (id_estabelecimento) references tbl_estabelecimento
Hibernate: alter table cliente_estabelecimento add constraint FKfb1fxgs5womh1262p179w1k9b foreign key (id_cliente) references cliente
Hibernate: alter table contrato_aluguel add constraint FKh4d3ev705tkp7nki5gn4fh9hl foreign key (id_estabelecimento) references tbl_estabelecimento
Hibernate: alter table tbl_estabelecimento add constraint FKgwusy3kuevvj6yh1djh7tk054 foreign key (id_tipo_estabelecimento) references tipo_estabelecimento
SessionFactory created
Hibernate: call next value for sq_tbl_estabelecimento
Hibernate: insert into tbl_estabelecimento (dh_criacao, nome_estabelecimento, id_tipo_estabelecimento, id_estabelecimento) values (?, ?, ?, ?)
SessionFactory destroyed
]]></system-out>
  <system-err><![CDATA[Feb 07, 2021 12:45:39 PM org.hibernate.jpa.internal.util.LogHelper logPersistenceUnitInformation
INFO: HHH000204: Processing PersistenceUnitInfo [name: smartcities-orm]
Feb 07, 2021 12:45:39 PM org.hibernate.Version logVersion
INFO: HHH000412: Hibernate ORM core version 5.4.27.Final
Feb 07, 2021 12:45:39 PM org.hibernate.annotations.common.reflection.java.JavaReflectionManager <clinit>
INFO: HCANN000001: Hibernate Commons Annotations {5.1.2.Final}
Feb 07, 2021 12:45:39 PM org.hibernate.engine.jdbc.connections.internal.DriverManagerConnectionProviderImpl configure
WARN: HHH10001002: Using Hibernate built-in connection pool (not for production use!)
Feb 07, 2021 12:45:39 PM org.hibernate.engine.jdbc.connections.internal.DriverManagerConnectionProviderImpl buildCreator
INFO: HHH10001005: using driver [org.h2.Driver] at URL [jdbc:h2:mem:test]
Feb 07, 2021 12:45:39 PM org.hibernate.engine.jdbc.connections.internal.DriverManagerConnectionProviderImpl buildCreator
INFO: HHH10001001: Connection properties: {user=sa, password=****}
Feb 07, 2021 12:45:39 PM org.hibernate.engine.jdbc.connections.internal.DriverManagerConnectionProviderImpl buildCreator
INFO: HHH10001003: Autocommit mode: false
Feb 07, 2021 12:45:39 PM org.hibernate.engine.jdbc.connections.internal.DriverManagerConnectionProviderImpl$PooledConnections <init>
INFO: HHH000115: Hibernate connection pool size: 20 (min=1)
Feb 07, 2021 12:45:39 PM org.hibernate.dialect.Dialect <init>
INFO: HHH000400: Using dialect: org.hibernate.dialect.H2Dialect
Feb 07, 2021 12:45:39 PM org.hibernate.cfg.AnnotationBinder bindClass
WARN: HHH000139: Illegal use of @Table in a subclass of a SINGLE_TABLE hierarchy: br.com.fiap.daoexample.domain.ClientePf
Feb 07, 2021 12:45:39 PM org.hibernate.cfg.AnnotationBinder bindClass
WARN: HHH000139: Illegal use of @Table in a subclass of a SINGLE_TABLE hierarchy: br.com.fiap.daoexample.domain.ClientePj
Feb 07, 2021 12:45:40 PM org.hibernate.tuple.PojoInstantiator <init>
INFO: HHH000182: No default (no-argument) constructor for class: br.com.fiap.daoexample.domain.ClientePj (class must be instantiated by Interceptor)
Feb 07, 2021 12:45:40 PM org.hibernate.tuple.PojoInstantiator <init>
INFO: HHH000182: No default (no-argument) constructor for class: br.com.fiap.daoexample.domain.ClientePf (class must be instantiated by Interceptor)
Feb 07, 2021 12:45:40 PM org.hibernate.resource.transaction.backend.jdbc.internal.DdlTransactionIsolatorNonJtaImpl getIsolatedConnection
INFO: HHH10001501: Connection obtained from JdbcConnectionAccess [org.hibernate.engine.jdbc.env.internal.JdbcEnvironmentInitiator$ConnectionProviderJdbcConnectionAccess@6aeef79d] for (non-JTA) DDL execution was not in auto-commit mode; the Connection 'local transaction' will be committed and the Connection will be set into auto-commit mode.
Feb 07, 2021 12:45:40 PM org.hibernate.engine.transaction.jta.platform.internal.JtaPlatformInitiator initiateService
INFO: HHH000490: Using JtaPlatform implementation: [org.hibernate.engine.transaction.jta.platform.internal.NoJtaPlatform]
]]></system-err>
</testsuite>
